<?xml version="1.0" encoding="UTF-8"?>
<testsuites>
  <testsuite name="Project Test Suite" tests="25" assertions="25" errors="0" failures="0" skipped="0" time="20.363607">
    <testsuite name="App\Tests\EntrepriseControllerTest" file="/home/abdoulaye/Bureau/Mes Projets Symfony/Sa transfert/SATransfert/tests/EntrepriseControllerTest.php" tests="16" assertions="16" errors="0" failures="0" skipped="0" time="14.907542">
      <testcase name="testlisterok1" class="App\Tests\EntrepriseControllerTest" classname="App.Tests.EntrepriseControllerTest" file="/home/abdoulaye/Bureau/Mes Projets Symfony/Sa transfert/SATransfert/tests/EntrepriseControllerTest.php" line="9" assertions="1" time="5.838390">
        <system-out>/home/abdoulaye/Bureau/Mes Projets Symfony/Sa transfert/SATransfert/tests/EntrepriseControllerTest.php:17:
class Symfony\Component\HttpFoundation\Response#2299 (6) {
  public $headers =&gt;
  class Symfony\Component\HttpFoundation\ResponseHeaderBag#2294 (5) {
    protected $computedCacheControl =&gt;
    array(2) {
      'no-cache' =&gt;
      bool(true)
      'private' =&gt;
      bool(true)
    }
    protected $cookies =&gt;
    array(0) {
    }
    protected $headerNames =&gt;
    array(5) {
      'content-type' =&gt;
      string(12) "Content-Type"
      'cache-control' =&gt;
      string(13) "Cache-Control"
      'date' =&gt;
      string(4) "Date"
      'link' =&gt;
      string(4) "Link"
      'x-robots-tag' =&gt;
      string(12) "X-Robots-Tag"
    }
    protected $headers =&gt;
    array(5) {
      'content-type' =&gt;
      array(1) {
        ...
      }
      'cache-control' =&gt;
      array(1) {
        ...
      }
      'date' =&gt;
      array(1) {
        ...
      }
      'link' =&gt;
      array(1) {
        ...
      }
      'x-robots-tag' =&gt;
      array(1) {
        ...
      }
    }
    protected $cacheControl =&gt;
    array(0) {
    }
  }
  protected $content =&gt;
  string(1291) "[{"raisonSociale":"SA Transfert","ninea":"449849407","adresse":"Mermoz","status":"Actif","comptes":[{"numeroCompte":"1910 1409 0043","solde":117160}],"soldeGlobal":117160,"telephoneEntreprise":"0000011","emailEntreprise":"sat@gmail.com"},{"raisonSociale":"Etat du S\u00e9n\u00e9gal","ninea":"000 000 000","adresse":"Tresor public","status":"Actif","comptes":[{"numeroCompte":"0221 0445 0443","solde":87870}],"soldeGlobal":87870,"telephoneEntreprise":"338541296","emailEntreprise":"tresor-public@gouv.sn"},{"raiso"...
  protected $version =&gt;
  string(3) "1.1"
  protected $statusCode =&gt;
  int(200)
  protected $statusText =&gt;
  string(2) "OK"
  protected $charset =&gt;
  string(5) "UTF-8"
}
</system-out>
      </testcase>
      <testcase name="testajoutPartenaireok" class="App\Tests\EntrepriseControllerTest" classname="App.Tests.EntrepriseControllerTest" file="/home/abdoulaye/Bureau/Mes Projets Symfony/Sa transfert/SATransfert/tests/EntrepriseControllerTest.php" line="21" assertions="1" time="1.723785">
        <system-out>/home/abdoulaye/Bureau/Mes Projets Symfony/Sa transfert/SATransfert/tests/EntrepriseControllerTest.php:46:
class Symfony\Component\HttpFoundation\Response#37 (6) {
  public $headers =&gt;
  class Symfony\Component\HttpFoundation\ResponseHeaderBag#1319 (5) {
    protected $computedCacheControl =&gt;
    array(2) {
      'no-cache' =&gt;
      bool(true)
      'private' =&gt;
      bool(true)
    }
    protected $cookies =&gt;
    array(0) {
    }
    protected $headerNames =&gt;
    array(5) {
      'cache-control' =&gt;
      string(13) "Cache-Control"
      'date' =&gt;
      string(4) "Date"
      'content-type' =&gt;
      string(12) "Content-Type"
      'link' =&gt;
      string(4) "Link"
      'x-robots-tag' =&gt;
      string(12) "X-Robots-Tag"
    }
    protected $headers =&gt;
    array(5) {
      'cache-control' =&gt;
      array(1) {
        ...
      }
      'date' =&gt;
      array(1) {
        ...
      }
      'content-type' =&gt;
      array(1) {
        ...
      }
      'link' =&gt;
      array(1) {
        ...
      }
      'x-robots-tag' =&gt;
      array(1) {
        ...
      }
    }
    protected $cacheControl =&gt;
    array(0) {
    }
  }
  protected $content =&gt;
  string(211) "{"status":201,"message":"Le partenaire testPart2 ainsi que son admin principal ont bien \u00e9t\u00e9 ajout\u00e9 !! ","Compte partenaire":"Le compte num\u00e9ro 1908 1412 3937 lui a \u00e9t\u00e9 assign\u00e9"}"
  protected $version =&gt;
  string(3) "1.1"
  protected $statusCode =&gt;
  int(201)
  protected $statusText =&gt;
  string(7) "Created"
  protected $charset =&gt;
  string(5) "UTF-8"
}
</system-out>
      </testcase>
      <testcase name="testajoutPartenaireko1" class="App\Tests\EntrepriseControllerTest" classname="App.Tests.EntrepriseControllerTest" file="/home/abdoulaye/Bureau/Mes Projets Symfony/Sa transfert/SATransfert/tests/EntrepriseControllerTest.php" line="49" assertions="1" time="0.525576">
        <system-out>/home/abdoulaye/Bureau/Mes Projets Symfony/Sa transfert/SATransfert/tests/EntrepriseControllerTest.php:74:
class Symfony\Component\HttpFoundation\JsonResponse#6658 (9) {
  protected $data =&gt;
  string(43) "{"Erreur":"Undefined index: raisonSociale"}"
  protected $callback =&gt;
  NULL
  protected $encodingOptions =&gt;
  int(15)
  public $headers =&gt;
  class Symfony\Component\HttpFoundation\ResponseHeaderBag#6728 (5) {
    protected $computedCacheControl =&gt;
    array(2) {
      'no-cache' =&gt;
      bool(true)
      'private' =&gt;
      bool(true)
    }
    protected $cookies =&gt;
    array(0) {
    }
    protected $headerNames =&gt;
    array(5) {
      'cache-control' =&gt;
      string(13) "Cache-Control"
      'date' =&gt;
      string(4) "Date"
      'content-type' =&gt;
      string(12) "Content-Type"
      'link' =&gt;
      string(4) "Link"
      'x-robots-tag' =&gt;
      string(12) "X-Robots-Tag"
    }
    protected $headers =&gt;
    array(5) {
      'cache-control' =&gt;
      array(1) {
        ...
      }
      'date' =&gt;
      array(1) {
        ...
      }
      'content-type' =&gt;
      array(1) {
        ...
      }
      'link' =&gt;
      array(1) {
        ...
      }
      'x-robots-tag' =&gt;
      array(1) {
        ...
      }
    }
    protected $cacheControl =&gt;
    array(0) {
    }
  }
  protected $content =&gt;
  string(43) "{"Erreur":"Undefined index: raisonSociale"}"
  protected $version =&gt;
  string(3) "1.1"
  protected $statusCode =&gt;
  int(500)
  protected $statusText =&gt;
  string(21) "Internal Server Error"
  protected $charset =&gt;
  string(5) "UTF-8"
}
</system-out>
      </testcase>
      <testcase name="testajoutPartenaireko1_2" class="App\Tests\EntrepriseControllerTest" classname="App.Tests.EntrepriseControllerTest" file="/home/abdoulaye/Bureau/Mes Projets Symfony/Sa transfert/SATransfert/tests/EntrepriseControllerTest.php" line="77" assertions="1" time="0.601506">
        <system-out>/home/abdoulaye/Bureau/Mes Projets Symfony/Sa transfert/SATransfert/tests/EntrepriseControllerTest.php:102:
class Symfony\Component\HttpFoundation\JsonResponse#9017 (9) {
  protected $data =&gt;
  string(120) "{"Erreur":"Expected argument of type \u0022string\u0022, \u0022NULL\u0022 given at property path \u0022username\u0022."}"
  protected $callback =&gt;
  NULL
  protected $encodingOptions =&gt;
  int(15)
  public $headers =&gt;
  class Symfony\Component\HttpFoundation\ResponseHeaderBag#9016 (5) {
    protected $computedCacheControl =&gt;
    array(2) {
      'no-cache' =&gt;
      bool(true)
      'private' =&gt;
      bool(true)
    }
    protected $cookies =&gt;
    array(0) {
    }
    protected $headerNames =&gt;
    array(5) {
      'cache-control' =&gt;
      string(13) "Cache-Control"
      'date' =&gt;
      string(4) "Date"
      'content-type' =&gt;
      string(12) "Content-Type"
      'link' =&gt;
      string(4) "Link"
      'x-robots-tag' =&gt;
      string(12) "X-Robots-Tag"
    }
    protected $headers =&gt;
    array(5) {
      'cache-control' =&gt;
      array(1) {
        ...
      }
      'date' =&gt;
      array(1) {
        ...
      }
      'content-type' =&gt;
      array(1) {
        ...
      }
      'link' =&gt;
      array(1) {
        ...
      }
      'x-robots-tag' =&gt;
      array(1) {
        ...
      }
    }
    protected $cacheControl =&gt;
    array(0) {
    }
  }
  protected $content =&gt;
  string(120) "{"Erreur":"Expected argument of type \u0022string\u0022, \u0022NULL\u0022 given at property path \u0022username\u0022."}"
  protected $version =&gt;
  string(3) "1.1"
  protected $statusCode =&gt;
  int(500)
  protected $statusText =&gt;
  string(21) "Internal Server Error"
  protected $charset =&gt;
  string(5) "UTF-8"
}
</system-out>
      </testcase>
      <testcase name="testlisterok2" class="App\Tests\EntrepriseControllerTest" classname="App.Tests.EntrepriseControllerTest" file="/home/abdoulaye/Bureau/Mes Projets Symfony/Sa transfert/SATransfert/tests/EntrepriseControllerTest.php" line="105" assertions="1" time="0.428233">
        <system-out>/home/abdoulaye/Bureau/Mes Projets Symfony/Sa transfert/SATransfert/tests/EntrepriseControllerTest.php:113:
class Symfony\Component\HttpFoundation\Response#8511 (6) {
  public $headers =&gt;
  class Symfony\Component\HttpFoundation\ResponseHeaderBag#8498 (5) {
    protected $computedCacheControl =&gt;
    array(2) {
      'no-cache' =&gt;
      bool(true)
      'private' =&gt;
      bool(true)
    }
    protected $cookies =&gt;
    array(0) {
    }
    protected $headerNames =&gt;
    array(5) {
      'content-type' =&gt;
      string(12) "Content-Type"
      'cache-control' =&gt;
      string(13) "Cache-Control"
      'date' =&gt;
      string(4) "Date"
      'link' =&gt;
      string(4) "Link"
      'x-robots-tag' =&gt;
      string(12) "X-Robots-Tag"
    }
    protected $headers =&gt;
    array(5) {
      'content-type' =&gt;
      array(1) {
        ...
      }
      'cache-control' =&gt;
      array(1) {
        ...
      }
      'date' =&gt;
      array(1) {
        ...
      }
      'link' =&gt;
      array(1) {
        ...
      }
      'x-robots-tag' =&gt;
      array(1) {
        ...
      }
    }
    protected $cacheControl =&gt;
    array(0) {
    }
  }
  protected $content =&gt;
  string(266) "{"raisonSociale":"Etat du S\u00e9n\u00e9gal","ninea":"000 000 000","adresse":"Tresor public","status":"Actif","comptes":[{"numeroCompte":"0221 0445 0443","solde":87870}],"soldeGlobal":87870,"telephoneEntreprise":"338541296","emailEntreprise":"tresor-public@gouv.sn"}"
  protected $version =&gt;
  string(3) "1.1"
  protected $statusCode =&gt;
  int(200)
  protected $statusText =&gt;
  string(2) "OK"
  protected $charset =&gt;
  string(5) "UTF-8"
}
</system-out>
      </testcase>
      <testcase name="testlisterok3" class="App\Tests\EntrepriseControllerTest" classname="App.Tests.EntrepriseControllerTest" file="/home/abdoulaye/Bureau/Mes Projets Symfony/Sa transfert/SATransfert/tests/EntrepriseControllerTest.php" line="116" assertions="1" time="0.382132">
        <system-out>/home/abdoulaye/Bureau/Mes Projets Symfony/Sa transfert/SATransfert/tests/EntrepriseControllerTest.php:124:
class Symfony\Component\HttpFoundation\JsonResponse#1347 (9) {
  protected $data =&gt;
  string(58) "{"status":404,"Erreur":"Ce partenaire n\u0027existe pas!"}"
  protected $callback =&gt;
  NULL
  protected $encodingOptions =&gt;
  int(15)
  public $headers =&gt;
  class Symfony\Component\HttpFoundation\ResponseHeaderBag#1340 (5) {
    protected $computedCacheControl =&gt;
    array(2) {
      'no-cache' =&gt;
      bool(true)
      'private' =&gt;
      bool(true)
    }
    protected $cookies =&gt;
    array(0) {
    }
    protected $headerNames =&gt;
    array(5) {
      'cache-control' =&gt;
      string(13) "Cache-Control"
      'date' =&gt;
      string(4) "Date"
      'content-type' =&gt;
      string(12) "Content-Type"
      'link' =&gt;
      string(4) "Link"
      'x-robots-tag' =&gt;
      string(12) "X-Robots-Tag"
    }
    protected $headers =&gt;
    array(5) {
      'cache-control' =&gt;
      array(1) {
        ...
      }
      'date' =&gt;
      array(1) {
        ...
      }
      'content-type' =&gt;
      array(1) {
        ...
      }
      'link' =&gt;
      array(1) {
        ...
      }
      'x-robots-tag' =&gt;
      array(1) {
        ...
      }
    }
    protected $cacheControl =&gt;
    array(0) {
    }
  }
  protected $content =&gt;
  string(58) "{"status":404,"Erreur":"Ce partenaire n\u0027existe pas!"}"
  protected $version =&gt;
  string(3) "1.1"
  protected $statusCode =&gt;
  int(404)
  protected $statusText =&gt;
  string(9) "Not Found"
  protected $charset =&gt;
  string(5) "UTF-8"
}
</system-out>
      </testcase>
      <testcase name="testInscriptionCaissier" class="App\Tests\EntrepriseControllerTest" classname="App.Tests.EntrepriseControllerTest" file="/home/abdoulaye/Bureau/Mes Projets Symfony/Sa transfert/SATransfert/tests/EntrepriseControllerTest.php" line="127" assertions="1" time="0.817291">
        <system-out>/home/abdoulaye/Bureau/Mes Projets Symfony/Sa transfert/SATransfert/tests/EntrepriseControllerTest.php:147:
class Symfony\Component\HttpFoundation\Response#6950 (6) {
  public $headers =&gt;
  class Symfony\Component\HttpFoundation\ResponseHeaderBag#6955 (5) {
    protected $computedCacheControl =&gt;
    array(2) {
      'no-cache' =&gt;
      bool(true)
      'private' =&gt;
      bool(true)
    }
    protected $cookies =&gt;
    array(0) {
    }
    protected $headerNames =&gt;
    array(5) {
      'cache-control' =&gt;
      string(13) "Cache-Control"
      'date' =&gt;
      string(4) "Date"
      'content-type' =&gt;
      string(12) "Content-Type"
      'link' =&gt;
      string(4) "Link"
      'x-robots-tag' =&gt;
      string(12) "X-Robots-Tag"
    }
    protected $headers =&gt;
    array(5) {
      'cache-control' =&gt;
      array(1) {
        ...
      }
      'date' =&gt;
      array(1) {
        ...
      }
      'content-type' =&gt;
      array(1) {
        ...
      }
      'link' =&gt;
      array(1) {
        ...
      }
      'x-robots-tag' =&gt;
      array(1) {
        ...
      }
    }
    protected $cacheControl =&gt;
    array(0) {
    }
  }
  protected $content =&gt;
  string(24) "{"status":"Enregistrer"}"
  protected $version =&gt;
  string(3) "1.1"
  protected $statusCode =&gt;
  int(201)
  protected $statusText =&gt;
  string(7) "Created"
  protected $charset =&gt;
  string(5) "UTF-8"
}
</system-out>
      </testcase>
      <testcase name="testDepotok" class="App\Tests\EntrepriseControllerTest" classname="App.Tests.EntrepriseControllerTest" file="/home/abdoulaye/Bureau/Mes Projets Symfony/Sa transfert/SATransfert/tests/EntrepriseControllerTest.php" line="150" assertions="1" time="0.991122">
        <system-out>/home/abdoulaye/Bureau/Mes Projets Symfony/Sa transfert/SATransfert/tests/EntrepriseControllerTest.php:164:
class Symfony\Component\HttpFoundation\Response#2167 (6) {
  public $headers =&gt;
  class Symfony\Component\HttpFoundation\ResponseHeaderBag#1632 (5) {
    protected $computedCacheControl =&gt;
    array(2) {
      'no-cache' =&gt;
      bool(true)
      'private' =&gt;
      bool(true)
    }
    protected $cookies =&gt;
    array(0) {
    }
    protected $headerNames =&gt;
    array(5) {
      'cache-control' =&gt;
      string(13) "Cache-Control"
      'date' =&gt;
      string(4) "Date"
      'content-type' =&gt;
      string(12) "Content-Type"
      'link' =&gt;
      string(4) "Link"
      'x-robots-tag' =&gt;
      string(12) "X-Robots-Tag"
    }
    protected $headers =&gt;
    array(5) {
      'cache-control' =&gt;
      array(1) {
        ...
      }
      'date' =&gt;
      array(1) {
        ...
      }
      'content-type' =&gt;
      array(1) {
        ...
      }
      'link' =&gt;
      array(1) {
        ...
      }
      'x-robots-tag' =&gt;
      array(1) {
        ...
      }
    }
    protected $cacheControl =&gt;
    array(0) {
    }
  }
  protected $content =&gt;
  string(100) "{"status":201,"message":"Le depot a bien \u00e9t\u00e9 effectu\u00e9 dans le compte 1908 0920 3342"}"
  protected $version =&gt;
  string(3) "1.1"
  protected $statusCode =&gt;
  int(201)
  protected $statusText =&gt;
  string(7) "Created"
  protected $charset =&gt;
  string(5) "UTF-8"
}
</system-out>
      </testcase>
      <testcase name="testDepotko1" class="App\Tests\EntrepriseControllerTest" classname="App.Tests.EntrepriseControllerTest" file="/home/abdoulaye/Bureau/Mes Projets Symfony/Sa transfert/SATransfert/tests/EntrepriseControllerTest.php" line="167" assertions="1" time="0.415402">
        <system-out>/home/abdoulaye/Bureau/Mes Projets Symfony/Sa transfert/SATransfert/tests/EntrepriseControllerTest.php:181:
class Symfony\Component\HttpFoundation\JsonResponse#94 (9) {
  protected $data =&gt;
  string(88) "{"status":403,"Erreur":"On ne peut pas faire de depot dans le compte de SA Transfert !"}"
  protected $callback =&gt;
  NULL
  protected $encodingOptions =&gt;
  int(15)
  public $headers =&gt;
  class Symfony\Component\HttpFoundation\ResponseHeaderBag#93 (5) {
    protected $computedCacheControl =&gt;
    array(2) {
      'no-cache' =&gt;
      bool(true)
      'private' =&gt;
      bool(true)
    }
    protected $cookies =&gt;
    array(0) {
    }
    protected $headerNames =&gt;
    array(5) {
      'cache-control' =&gt;
      string(13) "Cache-Control"
      'date' =&gt;
      string(4) "Date"
      'content-type' =&gt;
      string(12) "Content-Type"
      'link' =&gt;
      string(4) "Link"
      'x-robots-tag' =&gt;
      string(12) "X-Robots-Tag"
    }
    protected $headers =&gt;
    array(5) {
      'cache-control' =&gt;
      array(1) {
        ...
      }
      'date' =&gt;
      array(1) {
        ...
      }
      'content-type' =&gt;
      array(1) {
        ...
      }
      'link' =&gt;
      array(1) {
        ...
      }
      'x-robots-tag' =&gt;
      array(1) {
        ...
      }
    }
    protected $cacheControl =&gt;
    array(0) {
    }
  }
  protected $content =&gt;
  string(88) "{"status":403,"Erreur":"On ne peut pas faire de depot dans le compte de SA Transfert !"}"
  protected $version =&gt;
  string(3) "1.1"
  protected $statusCode =&gt;
  int(403)
  protected $statusText =&gt;
  string(9) "Forbidden"
  protected $charset =&gt;
  string(5) "UTF-8"
}
</system-out>
      </testcase>
      <testcase name="testDepotko2" class="App\Tests\EntrepriseControllerTest" classname="App.Tests.EntrepriseControllerTest" file="/home/abdoulaye/Bureau/Mes Projets Symfony/Sa transfert/SATransfert/tests/EntrepriseControllerTest.php" line="184" assertions="1" time="0.415882">
        <system-out>/home/abdoulaye/Bureau/Mes Projets Symfony/Sa transfert/SATransfert/tests/EntrepriseControllerTest.php:198:
class Symfony\Component\HttpFoundation\JsonResponse#1094 (9) {
  protected $data =&gt;
  string(65) "{"status":404,"Erreur":"Ce numero de compte n\u0027existe pas !"}"
  protected $callback =&gt;
  NULL
  protected $encodingOptions =&gt;
  int(15)
  public $headers =&gt;
  class Symfony\Component\HttpFoundation\ResponseHeaderBag#1077 (5) {
    protected $computedCacheControl =&gt;
    array(2) {
      'no-cache' =&gt;
      bool(true)
      'private' =&gt;
      bool(true)
    }
    protected $cookies =&gt;
    array(0) {
    }
    protected $headerNames =&gt;
    array(5) {
      'cache-control' =&gt;
      string(13) "Cache-Control"
      'date' =&gt;
      string(4) "Date"
      'content-type' =&gt;
      string(12) "Content-Type"
      'link' =&gt;
      string(4) "Link"
      'x-robots-tag' =&gt;
      string(12) "X-Robots-Tag"
    }
    protected $headers =&gt;
    array(5) {
      'cache-control' =&gt;
      array(1) {
        ...
      }
      'date' =&gt;
      array(1) {
        ...
      }
      'content-type' =&gt;
      array(1) {
        ...
      }
      'link' =&gt;
      array(1) {
        ...
      }
      'x-robots-tag' =&gt;
      array(1) {
        ...
      }
    }
    protected $cacheControl =&gt;
    array(0) {
    }
  }
  protected $content =&gt;
  string(65) "{"status":404,"Erreur":"Ce numero de compte n\u0027existe pas !"}"
  protected $version =&gt;
  string(3) "1.1"
  protected $statusCode =&gt;
  int(404)
  protected $statusText =&gt;
  string(9) "Not Found"
  protected $charset =&gt;
  string(5) "UTF-8"
}
</system-out>
      </testcase>
      <testcase name="testDepotko3" class="App\Tests\EntrepriseControllerTest" classname="App.Tests.EntrepriseControllerTest" file="/home/abdoulaye/Bureau/Mes Projets Symfony/Sa transfert/SATransfert/tests/EntrepriseControllerTest.php" line="201" assertions="1" time="0.570645">
        <system-out>/home/abdoulaye/Bureau/Mes Projets Symfony/Sa transfert/SATransfert/tests/EntrepriseControllerTest.php:214:
class Symfony\Component\HttpFoundation\Response#2278 (6) {
  public $headers =&gt;
  class Symfony\Component\HttpFoundation\ResponseHeaderBag#280 (5) {
    protected $computedCacheControl =&gt;
    array(2) {
      'no-cache' =&gt;
      bool(true)
      'private' =&gt;
      bool(true)
    }
    protected $cookies =&gt;
    array(0) {
    }
    protected $headerNames =&gt;
    array(5) {
      'cache-control' =&gt;
      string(13) "Cache-Control"
      'date' =&gt;
      string(4) "Date"
      'content-type' =&gt;
      string(12) "Content-Type"
      'link' =&gt;
      string(4) "Link"
      'x-robots-tag' =&gt;
      string(12) "X-Robots-Tag"
    }
    protected $headers =&gt;
    array(5) {
      'cache-control' =&gt;
      array(1) {
        ...
      }
      'date' =&gt;
      array(1) {
        ...
      }
      'content-type' =&gt;
      array(1) {
        ...
      }
      'link' =&gt;
      array(1) {
        ...
      }
      'x-robots-tag' =&gt;
      array(1) {
        ...
      }
    }
    protected $cacheControl =&gt;
    array(0) {
    }
  }
  protected $content =&gt;
  string(97) "[{"property_path":"data.montant","message":"Le depot doit \u00eatre superieur \u00e0 75 000 !!"}]"
  protected $version =&gt;
  string(3) "1.1"
  protected $statusCode =&gt;
  int(200)
  protected $statusText =&gt;
  string(2) "OK"
  protected $charset =&gt;
  string(5) "UTF-8"
}
</system-out>
      </testcase>
      <testcase name="testbloquerok1" class="App\Tests\EntrepriseControllerTest" classname="App.Tests.EntrepriseControllerTest" file="/home/abdoulaye/Bureau/Mes Projets Symfony/Sa transfert/SATransfert/tests/EntrepriseControllerTest.php" line="217" assertions="1" time="0.577737">
        <system-out>/home/abdoulaye/Bureau/Mes Projets Symfony/Sa transfert/SATransfert/tests/EntrepriseControllerTest.php:225:
class Symfony\Component\HttpFoundation\Response#7868 (6) {
  public $headers =&gt;
  class Symfony\Component\HttpFoundation\ResponseHeaderBag#1140 (5) {
    protected $computedCacheControl =&gt;
    array(2) {
      'no-cache' =&gt;
      bool(true)
      'private' =&gt;
      bool(true)
    }
    protected $cookies =&gt;
    array(0) {
    }
    protected $headerNames =&gt;
    array(5) {
      'cache-control' =&gt;
      string(13) "Cache-Control"
      'date' =&gt;
      string(4) "Date"
      'content-type' =&gt;
      string(12) "Content-Type"
      'link' =&gt;
      string(4) "Link"
      'x-robots-tag' =&gt;
      string(12) "X-Robots-Tag"
    }
    protected $headers =&gt;
    array(5) {
      'cache-control' =&gt;
      array(1) {
        ...
      }
      'date' =&gt;
      array(1) {
        ...
      }
      'content-type' =&gt;
      array(1) {
        ...
      }
      'link' =&gt;
      array(1) {
        ...
      }
      'x-robots-tag' =&gt;
      array(1) {
        ...
      }
    }
    protected $cacheControl =&gt;
    array(0) {
    }
  }
  protected $content =&gt;
  string(49) "{"status":200,"message":"Partenaire bloqu\u00e9"}"
  protected $version =&gt;
  string(3) "1.1"
  protected $statusCode =&gt;
  int(200)
  protected $statusText =&gt;
  string(2) "OK"
  protected $charset =&gt;
  string(5) "UTF-8"
}
</system-out>
      </testcase>
      <testcase name="testbloquerok2" class="App\Tests\EntrepriseControllerTest" classname="App.Tests.EntrepriseControllerTest" file="/home/abdoulaye/Bureau/Mes Projets Symfony/Sa transfert/SATransfert/tests/EntrepriseControllerTest.php" line="228" assertions="1" time="0.468721">
        <system-out>/home/abdoulaye/Bureau/Mes Projets Symfony/Sa transfert/SATransfert/tests/EntrepriseControllerTest.php:236:
class Symfony\Component\HttpFoundation\Response#2231 (6) {
  public $headers =&gt;
  class Symfony\Component\HttpFoundation\ResponseHeaderBag#6724 (5) {
    protected $computedCacheControl =&gt;
    array(2) {
      'no-cache' =&gt;
      bool(true)
      'private' =&gt;
      bool(true)
    }
    protected $cookies =&gt;
    array(0) {
    }
    protected $headerNames =&gt;
    array(5) {
      'cache-control' =&gt;
      string(13) "Cache-Control"
      'date' =&gt;
      string(4) "Date"
      'content-type' =&gt;
      string(12) "Content-Type"
      'link' =&gt;
      string(4) "Link"
      'x-robots-tag' =&gt;
      string(12) "X-Robots-Tag"
    }
    protected $headers =&gt;
    array(5) {
      'cache-control' =&gt;
      array(1) {
        ...
      }
      'date' =&gt;
      array(1) {
        ...
      }
      'content-type' =&gt;
      array(1) {
        ...
      }
      'link' =&gt;
      array(1) {
        ...
      }
      'x-robots-tag' =&gt;
      array(1) {
        ...
      }
    }
    protected $cacheControl =&gt;
    array(0) {
    }
  }
  protected $content =&gt;
  string(56) "{"status":200,"message":"Partenaire d\u00e9bloqu\u00e9"}"
  protected $version =&gt;
  string(3) "1.1"
  protected $statusCode =&gt;
  int(200)
  protected $statusText =&gt;
  string(2) "OK"
  protected $charset =&gt;
  string(5) "UTF-8"
}
</system-out>
      </testcase>
      <testcase name="testbloquerko" class="App\Tests\EntrepriseControllerTest" classname="App.Tests.EntrepriseControllerTest" file="/home/abdoulaye/Bureau/Mes Projets Symfony/Sa transfert/SATransfert/tests/EntrepriseControllerTest.php" line="239" assertions="1" time="0.381446">
        <system-out>/home/abdoulaye/Bureau/Mes Projets Symfony/Sa transfert/SATransfert/tests/EntrepriseControllerTest.php:247:
class Symfony\Component\HttpFoundation\JsonResponse#8296 (9) {
  protected $data =&gt;
  string(82) "{"status":403,"Erreur":"Impossible de bloquer l\u0027etat du S\u00e9n\u00e9gal !"}"
  protected $callback =&gt;
  NULL
  protected $encodingOptions =&gt;
  int(15)
  public $headers =&gt;
  class Symfony\Component\HttpFoundation\ResponseHeaderBag#8295 (5) {
    protected $computedCacheControl =&gt;
    array(2) {
      'no-cache' =&gt;
      bool(true)
      'private' =&gt;
      bool(true)
    }
    protected $cookies =&gt;
    array(0) {
    }
    protected $headerNames =&gt;
    array(5) {
      'cache-control' =&gt;
      string(13) "Cache-Control"
      'date' =&gt;
      string(4) "Date"
      'content-type' =&gt;
      string(12) "Content-Type"
      'link' =&gt;
      string(4) "Link"
      'x-robots-tag' =&gt;
      string(12) "X-Robots-Tag"
    }
    protected $headers =&gt;
    array(5) {
      'cache-control' =&gt;
      array(1) {
        ...
      }
      'date' =&gt;
      array(1) {
        ...
      }
      'content-type' =&gt;
      array(1) {
        ...
      }
      'link' =&gt;
      array(1) {
        ...
      }
      'x-robots-tag' =&gt;
      array(1) {
        ...
      }
    }
    protected $cacheControl =&gt;
    array(0) {
    }
  }
  protected $content =&gt;
  string(82) "{"status":403,"Erreur":"Impossible de bloquer l\u0027etat du S\u00e9n\u00e9gal !"}"
  protected $version =&gt;
  string(3) "1.1"
  protected $statusCode =&gt;
  int(403)
  protected $statusText =&gt;
  string(9) "Forbidden"
  protected $charset =&gt;
  string(5) "UTF-8"
}
</system-out>
      </testcase>
      <testcase name="testbloquerko1" class="App\Tests\EntrepriseControllerTest" classname="App.Tests.EntrepriseControllerTest" file="/home/abdoulaye/Bureau/Mes Projets Symfony/Sa transfert/SATransfert/tests/EntrepriseControllerTest.php" line="250" assertions="1" time="0.380772">
        <system-out>/home/abdoulaye/Bureau/Mes Projets Symfony/Sa transfert/SATransfert/tests/EntrepriseControllerTest.php:258:
class Symfony\Component\HttpFoundation\JsonResponse#7255 (9) {
  protected $data =&gt;
  string(60) "{"status":404,"Erreur":"Ce partenaire n\u0027existe pas !!"}"
  protected $callback =&gt;
  NULL
  protected $encodingOptions =&gt;
  int(15)
  public $headers =&gt;
  class Symfony\Component\HttpFoundation\ResponseHeaderBag#2352 (5) {
    protected $computedCacheControl =&gt;
    array(2) {
      'no-cache' =&gt;
      bool(true)
      'private' =&gt;
      bool(true)
    }
    protected $cookies =&gt;
    array(0) {
    }
    protected $headerNames =&gt;
    array(5) {
      'cache-control' =&gt;
      string(13) "Cache-Control"
      'date' =&gt;
      string(4) "Date"
      'content-type' =&gt;
      string(12) "Content-Type"
      'link' =&gt;
      string(4) "Link"
      'x-robots-tag' =&gt;
      string(12) "X-Robots-Tag"
    }
    protected $headers =&gt;
    array(5) {
      'cache-control' =&gt;
      array(1) {
        ...
      }
      'date' =&gt;
      array(1) {
        ...
      }
      'content-type' =&gt;
      array(1) {
        ...
      }
      'link' =&gt;
      array(1) {
        ...
      }
      'x-robots-tag' =&gt;
      array(1) {
        ...
      }
    }
    protected $cacheControl =&gt;
    array(0) {
    }
  }
  protected $content =&gt;
  string(60) "{"status":404,"Erreur":"Ce partenaire n\u0027existe pas !!"}"
  protected $version =&gt;
  string(3) "1.1"
  protected $statusCode =&gt;
  int(404)
  protected $statusText =&gt;
  string(9) "Not Found"
  protected $charset =&gt;
  string(5) "UTF-8"
}
</system-out>
      </testcase>
      <testcase name="testbloquerko2" class="App\Tests\EntrepriseControllerTest" classname="App.Tests.EntrepriseControllerTest" file="/home/abdoulaye/Bureau/Mes Projets Symfony/Sa transfert/SATransfert/tests/EntrepriseControllerTest.php" line="261" assertions="1" time="0.388902">
        <system-out>/home/abdoulaye/Bureau/Mes Projets Symfony/Sa transfert/SATransfert/tests/EntrepriseControllerTest.php:269:
class Symfony\Component\HttpFoundation\JsonResponse#7277 (9) {
  protected $data =&gt;
  string(62) "{"status":403,"Erreur":"Impossible de bloquer SA Transfert !"}"
  protected $callback =&gt;
  NULL
  protected $encodingOptions =&gt;
  int(15)
  public $headers =&gt;
  class Symfony\Component\HttpFoundation\ResponseHeaderBag#6647 (5) {
    protected $computedCacheControl =&gt;
    array(2) {
      'no-cache' =&gt;
      bool(true)
      'private' =&gt;
      bool(true)
    }
    protected $cookies =&gt;
    array(0) {
    }
    protected $headerNames =&gt;
    array(5) {
      'cache-control' =&gt;
      string(13) "Cache-Control"
      'date' =&gt;
      string(4) "Date"
      'content-type' =&gt;
      string(12) "Content-Type"
      'link' =&gt;
      string(4) "Link"
      'x-robots-tag' =&gt;
      string(12) "X-Robots-Tag"
    }
    protected $headers =&gt;
    array(5) {
      'cache-control' =&gt;
      array(1) {
        ...
      }
      'date' =&gt;
      array(1) {
        ...
      }
      'content-type' =&gt;
      array(1) {
        ...
      }
      'link' =&gt;
      array(1) {
        ...
      }
      'x-robots-tag' =&gt;
      array(1) {
        ...
      }
    }
    protected $cacheControl =&gt;
    array(0) {
    }
  }
  protected $content =&gt;
  string(62) "{"status":403,"Erreur":"Impossible de bloquer SA Transfert !"}"
  protected $version =&gt;
  string(3) "1.1"
  protected $statusCode =&gt;
  int(403)
  protected $statusText =&gt;
  string(9) "Forbidden"
  protected $charset =&gt;
  string(5) "UTF-8"
}
</system-out>
      </testcase>
    </testsuite>
    <testsuite name="App\Tests\EventSubscriberTest" file="/home/abdoulaye/Bureau/Mes Projets Symfony/Sa transfert/SATransfert/tests/EventSubscriberTest.php" tests="2" assertions="2" errors="0" failures="0" skipped="0" time="0.665199">
      <testcase name="testeventSub1" class="App\Tests\EventSubscriberTest" classname="App.Tests.EventSubscriberTest" file="/home/abdoulaye/Bureau/Mes Projets Symfony/Sa transfert/SATransfert/tests/EventSubscriberTest.php" line="9" assertions="1" time="0.111862">
        <system-out>/home/abdoulaye/Bureau/Mes Projets Symfony/Sa transfert/SATransfert/tests/EventSubscriberTest.php:17:
class Symfony\Component\HttpFoundation\JsonResponse#8513 (9) {
  protected $data =&gt;
  string(55) "{"status":404,"message":"Resource non trouv\u00e9e !!"}"
  protected $callback =&gt;
  NULL
  protected $encodingOptions =&gt;
  int(15)
  public $headers =&gt;
  class Symfony\Component\HttpFoundation\ResponseHeaderBag#8502 (5) {
    protected $computedCacheControl =&gt;
    array(2) {
      'no-cache' =&gt;
      bool(true)
      'private' =&gt;
      bool(true)
    }
    protected $cookies =&gt;
    array(0) {
    }
    protected $headerNames =&gt;
    array(5) {
      'cache-control' =&gt;
      string(13) "Cache-Control"
      'date' =&gt;
      string(4) "Date"
      'content-type' =&gt;
      string(12) "Content-Type"
      'link' =&gt;
      string(4) "Link"
      'x-robots-tag' =&gt;
      string(12) "X-Robots-Tag"
    }
    protected $headers =&gt;
    array(5) {
      'cache-control' =&gt;
      array(1) {
        ...
      }
      'date' =&gt;
      array(1) {
        ...
      }
      'content-type' =&gt;
      array(1) {
        ...
      }
      'link' =&gt;
      array(1) {
        ...
      }
      'x-robots-tag' =&gt;
      array(1) {
        ...
      }
    }
    protected $cacheControl =&gt;
    array(0) {
    }
  }
  protected $content =&gt;
  string(55) "{"status":404,"message":"Resource non trouv\u00e9e !!"}"
  protected $version =&gt;
  string(3) "1.1"
  protected $statusCode =&gt;
  int(404)
  protected $statusText =&gt;
  string(9) "Not Found"
  protected $charset =&gt;
  string(5) "UTF-8"
}
</system-out>
      </testcase>
      <testcase name="testeventSub2" class="App\Tests\EventSubscriberTest" classname="App.Tests.EventSubscriberTest" file="/home/abdoulaye/Bureau/Mes Projets Symfony/Sa transfert/SATransfert/tests/EventSubscriberTest.php" line="20" assertions="1" time="0.553337">
        <system-out>/home/abdoulaye/Bureau/Mes Projets Symfony/Sa transfert/SATransfert/tests/EventSubscriberTest.php:39:
class Symfony\Component\HttpFoundation\JsonResponse#59 (9) {
  protected $data =&gt;
  string(76) "{"Erreur":"The identifier id is missing for a query of App\\Entity\\Profil"}"
  protected $callback =&gt;
  NULL
  protected $encodingOptions =&gt;
  int(15)
  public $headers =&gt;
  class Symfony\Component\HttpFoundation\ResponseHeaderBag#1641 (5) {
    protected $computedCacheControl =&gt;
    array(2) {
      'no-cache' =&gt;
      bool(true)
      'private' =&gt;
      bool(true)
    }
    protected $cookies =&gt;
    array(0) {
    }
    protected $headerNames =&gt;
    array(5) {
      'cache-control' =&gt;
      string(13) "Cache-Control"
      'date' =&gt;
      string(4) "Date"
      'content-type' =&gt;
      string(12) "Content-Type"
      'link' =&gt;
      string(4) "Link"
      'x-robots-tag' =&gt;
      string(12) "X-Robots-Tag"
    }
    protected $headers =&gt;
    array(5) {
      'cache-control' =&gt;
      array(1) {
        ...
      }
      'date' =&gt;
      array(1) {
        ...
      }
      'content-type' =&gt;
      array(1) {
        ...
      }
      'link' =&gt;
      array(1) {
        ...
      }
      'x-robots-tag' =&gt;
      array(1) {
        ...
      }
    }
    protected $cacheControl =&gt;
    array(0) {
    }
  }
  protected $content =&gt;
  string(76) "{"Erreur":"The identifier id is missing for a query of App\\Entity\\Profil"}"
  protected $version =&gt;
  string(3) "1.1"
  protected $statusCode =&gt;
  int(500)
  protected $statusText =&gt;
  string(21) "Internal Server Error"
  protected $charset =&gt;
  string(5) "UTF-8"
}
</system-out>
      </testcase>
    </testsuite>
    <testsuite name="App\Tests\SecurityControllerTest" file="/home/abdoulaye/Bureau/Mes Projets Symfony/Sa transfert/SATransfert/tests/SecurityControllerTest.php" tests="7" assertions="7" errors="0" failures="0" skipped="0" time="4.790866">
      <testcase name="testInscriptionUtilisateurok1" class="App\Tests\SecurityControllerTest" classname="App.Tests.SecurityControllerTest" file="/home/abdoulaye/Bureau/Mes Projets Symfony/Sa transfert/SATransfert/tests/SecurityControllerTest.php" line="9" assertions="1" time="0.846946">
        <system-out>/home/abdoulaye/Bureau/Mes Projets Symfony/Sa transfert/SATransfert/tests/SecurityControllerTest.php:29:
class Symfony\Component\HttpFoundation\Response#6790 (6) {
  public $headers =&gt;
  class Symfony\Component\HttpFoundation\ResponseHeaderBag#395 (5) {
    protected $computedCacheControl =&gt;
    array(2) {
      'no-cache' =&gt;
      bool(true)
      'private' =&gt;
      bool(true)
    }
    protected $cookies =&gt;
    array(0) {
    }
    protected $headerNames =&gt;
    array(5) {
      'cache-control' =&gt;
      string(13) "Cache-Control"
      'date' =&gt;
      string(4) "Date"
      'content-type' =&gt;
      string(12) "Content-Type"
      'link' =&gt;
      string(4) "Link"
      'x-robots-tag' =&gt;
      string(12) "X-Robots-Tag"
    }
    protected $headers =&gt;
    array(5) {
      'cache-control' =&gt;
      array(1) {
        ...
      }
      'date' =&gt;
      array(1) {
        ...
      }
      'content-type' =&gt;
      array(1) {
        ...
      }
      'link' =&gt;
      array(1) {
        ...
      }
      'x-robots-tag' =&gt;
      array(1) {
        ...
      }
    }
    protected $cacheControl =&gt;
    array(0) {
    }
  }
  protected $content =&gt;
  string(24) "{"status":"Enregistrer"}"
  protected $version =&gt;
  string(3) "1.1"
  protected $statusCode =&gt;
  int(201)
  protected $statusText =&gt;
  string(7) "Created"
  protected $charset =&gt;
  string(5) "UTF-8"
}
</system-out>
      </testcase>
      <testcase name="testUpdateUtilisateurok1" class="App\Tests\SecurityControllerTest" classname="App.Tests.SecurityControllerTest" file="/home/abdoulaye/Bureau/Mes Projets Symfony/Sa transfert/SATransfert/tests/SecurityControllerTest.php" line="32" assertions="1" time="0.810288">
        <system-out>/home/abdoulaye/Bureau/Mes Projets Symfony/Sa transfert/SATransfert/tests/SecurityControllerTest.php:52:
class Symfony\Component\HttpFoundation\Response#6560 (6) {
  public $headers =&gt;
  class Symfony\Component\HttpFoundation\ResponseHeaderBag#6679 (5) {
    protected $computedCacheControl =&gt;
    array(2) {
      'no-cache' =&gt;
      bool(true)
      'private' =&gt;
      bool(true)
    }
    protected $cookies =&gt;
    array(0) {
    }
    protected $headerNames =&gt;
    array(5) {
      'cache-control' =&gt;
      string(13) "Cache-Control"
      'date' =&gt;
      string(4) "Date"
      'content-type' =&gt;
      string(12) "Content-Type"
      'link' =&gt;
      string(4) "Link"
      'x-robots-tag' =&gt;
      string(12) "X-Robots-Tag"
    }
    protected $headers =&gt;
    array(5) {
      'cache-control' =&gt;
      array(1) {
        ...
      }
      'date' =&gt;
      array(1) {
        ...
      }
      'content-type' =&gt;
      array(1) {
        ...
      }
      'link' =&gt;
      array(1) {
        ...
      }
      'x-robots-tag' =&gt;
      array(1) {
        ...
      }
    }
    protected $cacheControl =&gt;
    array(0) {
    }
  }
  protected $content =&gt;
  string(84) "{"status":200,"message":"L'utilisateur a \u00e9t\u00e9 correctement modifi\u00e9 !"}"
  protected $version =&gt;
  string(3) "1.1"
  protected $statusCode =&gt;
  int(200)
  protected $statusText =&gt;
  string(2) "OK"
  protected $charset =&gt;
  string(5) "UTF-8"
}
</system-out>
      </testcase>
      <testcase name="testUpdateUtilisateurko1" class="App\Tests\SecurityControllerTest" classname="App.Tests.SecurityControllerTest" file="/home/abdoulaye/Bureau/Mes Projets Symfony/Sa transfert/SATransfert/tests/SecurityControllerTest.php" line="55" assertions="1" time="0.425398">
        <system-out>/home/abdoulaye/Bureau/Mes Projets Symfony/Sa transfert/SATransfert/tests/SecurityControllerTest.php:75:
class Symfony\Component\HttpFoundation\JsonResponse#2226 (9) {
  protected $data =&gt;
  string(120) "{"Erreur":"Expected argument of type \u0022string\u0022, \u0022NULL\u0022 given at property path \u0022username\u0022."}"
  protected $callback =&gt;
  NULL
  protected $encodingOptions =&gt;
  int(15)
  public $headers =&gt;
  class Symfony\Component\HttpFoundation\ResponseHeaderBag#8539 (5) {
    protected $computedCacheControl =&gt;
    array(2) {
      'no-cache' =&gt;
      bool(true)
      'private' =&gt;
      bool(true)
    }
    protected $cookies =&gt;
    array(0) {
    }
    protected $headerNames =&gt;
    array(5) {
      'cache-control' =&gt;
      string(13) "Cache-Control"
      'date' =&gt;
      string(4) "Date"
      'content-type' =&gt;
      string(12) "Content-Type"
      'link' =&gt;
      string(4) "Link"
      'x-robots-tag' =&gt;
      string(12) "X-Robots-Tag"
    }
    protected $headers =&gt;
    array(5) {
      'cache-control' =&gt;
      array(1) {
        ...
      }
      'date' =&gt;
      array(1) {
        ...
      }
      'content-type' =&gt;
      array(1) {
        ...
      }
      'link' =&gt;
      array(1) {
        ...
      }
      'x-robots-tag' =&gt;
      array(1) {
        ...
      }
    }
    protected $cacheControl =&gt;
    array(0) {
    }
  }
  protected $content =&gt;
  string(120) "{"Erreur":"Expected argument of type \u0022string\u0022, \u0022NULL\u0022 given at property path \u0022username\u0022."}"
  protected $version =&gt;
  string(3) "1.1"
  protected $statusCode =&gt;
  int(500)
  protected $statusText =&gt;
  string(21) "Internal Server Error"
  protected $charset =&gt;
  string(5) "UTF-8"
}
</system-out>
      </testcase>
      <testcase name="testInscriptionUtilisateurko1" class="App\Tests\SecurityControllerTest" classname="App.Tests.SecurityControllerTest" file="/home/abdoulaye/Bureau/Mes Projets Symfony/Sa transfert/SATransfert/tests/SecurityControllerTest.php" line="78" assertions="1" time="0.551294">
        <system-out>/home/abdoulaye/Bureau/Mes Projets Symfony/Sa transfert/SATransfert/tests/SecurityControllerTest.php:98:
class Symfony\Component\HttpFoundation\JsonResponse#1444 (9) {
  protected $data =&gt;
  string(55) "{"status":404,"Erreur":"Ce profil n\u0027existe pas !"}"
  protected $callback =&gt;
  NULL
  protected $encodingOptions =&gt;
  int(15)
  public $headers =&gt;
  class Symfony\Component\HttpFoundation\ResponseHeaderBag#1724 (5) {
    protected $computedCacheControl =&gt;
    array(2) {
      'no-cache' =&gt;
      bool(true)
      'private' =&gt;
      bool(true)
    }
    protected $cookies =&gt;
    array(0) {
    }
    protected $headerNames =&gt;
    array(5) {
      'cache-control' =&gt;
      string(13) "Cache-Control"
      'date' =&gt;
      string(4) "Date"
      'content-type' =&gt;
      string(12) "Content-Type"
      'link' =&gt;
      string(4) "Link"
      'x-robots-tag' =&gt;
      string(12) "X-Robots-Tag"
    }
    protected $headers =&gt;
    array(5) {
      'cache-control' =&gt;
      array(1) {
        ...
      }
      'date' =&gt;
      array(1) {
        ...
      }
      'content-type' =&gt;
      array(1) {
        ...
      }
      'link' =&gt;
      array(1) {
        ...
      }
      'x-robots-tag' =&gt;
      array(1) {
        ...
      }
    }
    protected $cacheControl =&gt;
    array(0) {
    }
  }
  protected $content =&gt;
  string(55) "{"status":404,"Erreur":"Ce profil n\u0027existe pas !"}"
  protected $version =&gt;
  string(3) "1.1"
  protected $statusCode =&gt;
  int(404)
  protected $statusText =&gt;
  string(9) "Not Found"
  protected $charset =&gt;
  string(5) "UTF-8"
}
</system-out>
      </testcase>
      <testcase name="testInscriptionUtilisateurko2" class="App\Tests\SecurityControllerTest" classname="App.Tests.SecurityControllerTest" file="/home/abdoulaye/Bureau/Mes Projets Symfony/Sa transfert/SATransfert/tests/SecurityControllerTest.php" line="101" assertions="1" time="0.546209">
        <system-out>/home/abdoulaye/Bureau/Mes Projets Symfony/Sa transfert/SATransfert/tests/SecurityControllerTest.php:121:
class Symfony\Component\HttpFoundation\JsonResponse#543 (9) {
  protected $data =&gt;
  string(98) "{"status":403,"Erreur":"Votre profil ne vous permet pas de cr\u00e9er ce type d\u0027utilisateur"}"
  protected $callback =&gt;
  NULL
  protected $encodingOptions =&gt;
  int(15)
  public $headers =&gt;
  class Symfony\Component\HttpFoundation\ResponseHeaderBag#8706 (5) {
    protected $computedCacheControl =&gt;
    array(2) {
      'no-cache' =&gt;
      bool(true)
      'private' =&gt;
      bool(true)
    }
    protected $cookies =&gt;
    array(0) {
    }
    protected $headerNames =&gt;
    array(5) {
      'cache-control' =&gt;
      string(13) "Cache-Control"
      'date' =&gt;
      string(4) "Date"
      'content-type' =&gt;
      string(12) "Content-Type"
      'link' =&gt;
      string(4) "Link"
      'x-robots-tag' =&gt;
      string(12) "X-Robots-Tag"
    }
    protected $headers =&gt;
    array(5) {
      'cache-control' =&gt;
      array(1) {
        ...
      }
      'date' =&gt;
      array(1) {
        ...
      }
      'content-type' =&gt;
      array(1) {
        ...
      }
      'link' =&gt;
      array(1) {
        ...
      }
      'x-robots-tag' =&gt;
      array(1) {
        ...
      }
    }
    protected $cacheControl =&gt;
    array(0) {
    }
  }
  protected $content =&gt;
  string(98) "{"status":403,"Erreur":"Votre profil ne vous permet pas de cr\u00e9er ce type d\u0027utilisateur"}"
  protected $version =&gt;
  string(3) "1.1"
  protected $statusCode =&gt;
  int(403)
  protected $statusText =&gt;
  string(9) "Forbidden"
  protected $charset =&gt;
  string(5) "UTF-8"
}
</system-out>
      </testcase>
      <testcase name="testajoutPartenaireok" class="App\Tests\SecurityControllerTest" classname="App.Tests.SecurityControllerTest" file="/home/abdoulaye/Bureau/Mes Projets Symfony/Sa transfert/SATransfert/tests/SecurityControllerTest.php" line="124" assertions="1" time="1.027102">
        <system-out>/home/abdoulaye/Bureau/Mes Projets Symfony/Sa transfert/SATransfert/tests/SecurityControllerTest.php:148:
class Symfony\Component\HttpFoundation\Response#1682 (6) {
  public $headers =&gt;
  class Symfony\Component\HttpFoundation\ResponseHeaderBag#1668 (5) {
    protected $computedCacheControl =&gt;
    array(2) {
      'no-cache' =&gt;
      bool(true)
      'private' =&gt;
      bool(true)
    }
    protected $cookies =&gt;
    array(0) {
    }
    protected $headerNames =&gt;
    array(5) {
      'cache-control' =&gt;
      string(13) "Cache-Control"
      'date' =&gt;
      string(4) "Date"
      'content-type' =&gt;
      string(12) "Content-Type"
      'link' =&gt;
      string(4) "Link"
      'x-robots-tag' =&gt;
      string(12) "X-Robots-Tag"
    }
    protected $headers =&gt;
    array(5) {
      'cache-control' =&gt;
      array(1) {
        ...
      }
      'date' =&gt;
      array(1) {
        ...
      }
      'content-type' =&gt;
      array(1) {
        ...
      }
      'link' =&gt;
      array(1) {
        ...
      }
      'x-robots-tag' =&gt;
      array(1) {
        ...
      }
    }
    protected $cacheControl =&gt;
    array(0) {
    }
  }
  protected $content =&gt;
  string(210) "{"status":201,"message":"Le partenaire testPart ainsi que son admin principal ont bien \u00e9t\u00e9 ajout\u00e9 !! ","Compte partenaire":"Le compte num\u00e9ro 1908 1412 3950 lui a \u00e9t\u00e9 assign\u00e9"}"
  protected $version =&gt;
  string(3) "1.1"
  protected $statusCode =&gt;
  int(201)
  protected $statusText =&gt;
  string(7) "Created"
  protected $charset =&gt;
  string(5) "UTF-8"
}
</system-out>
      </testcase>
      <testcase name="testInscriptionUtilisateurko3" class="App\Tests\SecurityControllerTest" classname="App.Tests.SecurityControllerTest" file="/home/abdoulaye/Bureau/Mes Projets Symfony/Sa transfert/SATransfert/tests/SecurityControllerTest.php" line="152" assertions="1" time="0.583629">
        <system-out>/home/abdoulaye/Bureau/Mes Projets Symfony/Sa transfert/SATransfert/tests/SecurityControllerTest.php:172:
class Symfony\Component\HttpFoundation\Response#1607 (6) {
  public $headers =&gt;
  class Symfony\Component\HttpFoundation\ResponseHeaderBag#7606 (5) {
    protected $computedCacheControl =&gt;
    array(2) {
      'no-cache' =&gt;
      bool(true)
      'private' =&gt;
      bool(true)
    }
    protected $cookies =&gt;
    array(0) {
    }
    protected $headerNames =&gt;
    array(5) {
      'cache-control' =&gt;
      string(13) "Cache-Control"
      'date' =&gt;
      string(4) "Date"
      'content-type' =&gt;
      string(12) "Content-Type"
      'link' =&gt;
      string(4) "Link"
      'x-robots-tag' =&gt;
      string(12) "X-Robots-Tag"
    }
    protected $headers =&gt;
    array(5) {
      'cache-control' =&gt;
      array(1) {
        ...
      }
      'date' =&gt;
      array(1) {
        ...
      }
      'content-type' =&gt;
      array(1) {
        ...
      }
      'link' =&gt;
      array(1) {
        ...
      }
      'x-robots-tag' =&gt;
      array(1) {
        ...
      }
    }
    protected $cacheControl =&gt;
    array(0) {
    }
  }
  protected $content =&gt;
  string(154) "[{"property_path":"data.nom","message":"Le champ ne doit pas \u00eatre vide"},{"property_path":"","message":"This form should not contain extra fields."}]"
  protected $version =&gt;
  string(3) "1.1"
  protected $statusCode =&gt;
  int(200)
  protected $statusText =&gt;
  string(2) "OK"
  protected $charset =&gt;
  string(5) "UTF-8"
}
</system-out>
      </testcase>
    </testsuite>
  </testsuite>
</testsuites>
